0 verbose cli /opt/conda/bin/node /opt/conda/bin/npm
1 info using npm@9.5.1
2 info using node@v18.16.1
3 timing npm:load:whichnode Completed in 114ms
4 timing config:load:defaults Completed in 318ms
5 timing config:load:file:/opt/conda/lib/node_modules/npm/npmrc Completed in 882ms
6 timing config:load:builtin Completed in 896ms
7 timing config:load:cli Completed in 430ms
8 timing config:load:env Completed in 222ms
9 timing config:load:project Completed in 1885ms
10 timing config:load:file:/home/jovyan/.npmrc Completed in 372ms
11 timing config:load:user Completed in 373ms
12 timing config:load:file:/opt/conda/etc/npmrc Completed in 79ms
13 timing config:load:global Completed in 80ms
14 timing config:load:setEnvs Completed in 1020ms
15 timing config:load Completed in 5258ms
16 timing npm:load:configload Completed in 5279ms
17 timing npm:load:mkdirpcache Completed in 235ms
18 timing npm:load:mkdirplogs Completed in 10ms
19 verbose title npm prefix
20 verbose argv "prefix" "--global"
21 timing npm:load:setTitle Completed in 1374ms
22 timing config:load:flatten Completed in 7444ms
23 timing npm:load:display Completed in 7719ms
24 verbose logfile logs-max:10 dir:/home/jovyan/.npm/_logs/2023-08-09T21_55_25_080Z-
25 verbose logfile /home/jovyan/.npm/_logs/2023-08-09T21_55_25_080Z-debug-0.log
26 timing npm:load:logFile Completed in 5285ms
27 timing npm:load:timers Completed in 37ms
28 timing npm:load:configScope Completed in 1ms
29 timing npm:load Completed in 20689ms
30 timing command:prefix Completed in 309ms
31 verbose exit 0
32 timing npm Completed in 30463ms
33 info ok
