0 verbose cli /opt/conda/bin/node /opt/conda/bin/npm
1 info using npm@9.5.1
2 info using node@v18.16.1
3 timing npm:load:whichnode Completed in 50ms
4 timing config:load:defaults Completed in 53ms
5 timing config:load:file:/opt/conda/lib/node_modules/npm/npmrc Completed in 125ms
6 timing config:load:builtin Completed in 132ms
7 timing config:load:cli Completed in 107ms
8 timing config:load:env Completed in 1ms
9 timing config:load:project Completed in 68ms
10 timing config:load:file:/home/jovyan/.npmrc Completed in 4ms
11 timing config:load:user Completed in 8ms
12 timing config:load:file:/opt/conda/etc/npmrc Completed in 13ms
13 timing config:load:global Completed in 25ms
14 timing config:load:setEnvs Completed in 56ms
15 timing config:load Completed in 467ms
16 timing npm:load:configload Completed in 467ms
17 timing npm:load:mkdirpcache Completed in 22ms
18 timing npm:load:mkdirplogs Completed in 39ms
19 verbose title npm prefix
20 verbose argv "prefix" "--global"
21 timing npm:load:setTitle Completed in 47ms
22 timing config:load:flatten Completed in 38ms
23 timing npm:load:display Completed in 41ms
24 verbose logfile logs-max:10 dir:/home/jovyan/.npm/_logs/2023-08-09T18_41_38_298Z-
25 verbose logfile /home/jovyan/.npm/_logs/2023-08-09T18_41_38_298Z-debug-0.log
26 timing npm:load:logFile Completed in 335ms
27 timing npm:load:timers Completed in 0ms
28 timing npm:load:configScope Completed in 1ms
29 timing npm:load Completed in 1013ms
30 timing command:prefix Completed in 31ms
31 verbose exit 0
32 timing npm Completed in 1365ms
33 info ok
